#
# There is insufficient memory for the Java Runtime Environment to continue.
# Native memory allocation (malloc) failed to allocate 884096 bytes for Chunk::new
# Possible reasons:
#   The system is out of physical RAM or swap space
#   In 32 bit mode, the process size limit was hit
# Possible solutions:
#   Reduce memory load on the system
#   Increase physical memory or swap space
#   Check if swap backing store is full
#   Use 64 bit Java on a 64 bit OS
#   Decrease Java heap size (-Xmx/-Xms)
#   Decrease number of Java threads
#   Decrease Java thread stack sizes (-Xss)
#   Set larger code cache with -XX:ReservedCodeCacheSize=
# This output file may be truncated or incomplete.
#
#  Out of Memory Error (allocation.cpp:390), pid=15164, tid=0x00000000000046e0
#
# JRE version: Java(TM) SE Runtime Environment (8.0_151-b12) (build 1.8.0_151-b12)
# Java VM: Java HotSpot(TM) 64-Bit Server VM (25.151-b12 mixed mode windows-amd64 compressed oops)
# Failed to write core dump. Minidumps are not enabled by default on client versions of Windows
#

---------------  T H R E A D  ---------------

Current thread (0x000000001ebe3800):  JavaThread "C2 CompilerThread0" daemon [_thread_in_native, id=18144, stack(0x000000001f380000,0x000000001f480000)]

Stack: [0x000000001f380000,0x000000001f480000]
[error occurred during error reporting (printing stack bounds), id 0xc0000005]

Native frames: (J=compiled Java code, j=interpreted, Vv=VM code, C=native code)


Current CompileTask:
C2:  14802 5862       4       org.springframework.core.ResolvableType::forType (115 bytes)


---------------  P R O C E S S  ---------------

Java Threads: ( => current thread )
  0x0000000023784800 JavaThread "com.alibaba.nacos.client.naming.updater" daemon [_thread_blocked, id=13548, stack(0x000000002a8e0000,0x000000002a9e0000)]
  0x000000002377e800 JavaThread "NettyServerBoss-1-1" daemon [_thread_in_native, id=10504, stack(0x000000002a7e0000,0x000000002a8e0000)]
  0x00000000210fa800 JavaThread "com.alibaba.nacos.client.naming.updater" daemon [_thread_blocked, id=17084, stack(0x000000002a490000,0x000000002a590000)]
  0x0000000021cd7800 JavaThread "Nacos-Watch-Task-Scheduler-1" [_thread_blocked, id=15436, stack(0x000000002a390000,0x000000002a490000)]
  0x0000000021cd6800 JavaThread "com.alibaba.nacos.client.naming.updater" daemon [_thread_blocked, id=17696, stack(0x00000000284b0000,0x00000000285b0000)]
  0x0000000021cd8000 JavaThread "Abandoned connection cleanup thread" daemon [_thread_blocked, id=17736, stack(0x0000000027920000,0x0000000027a20000)]
  0x0000000021cd6000 JavaThread "Keep-Alive-Timer" daemon [_thread_blocked, id=6848, stack(0x00000000286f0000,0x00000000287f0000)]
  0x0000000021cd5000 JavaThread "Timer-0" daemon [_thread_blocked, id=14028, stack(0x0000000027e20000,0x0000000027f20000)]
  0x0000000021cd4000 JavaThread "com.alibaba.nacos.naming.push.receiver" daemon [_thread_in_native, id=4432, stack(0x0000000027d20000,0x0000000027e20000)]
  0x0000000021cd2800 JavaThread "com.alibaba.nacos.naming.failover" daemon [_thread_blocked, id=14436, stack(0x0000000027c20000,0x0000000027d20000)]
  0x0000000021cd3800 JavaThread "com.alibaba.nacos.client.naming.updater" daemon [_thread_blocked, id=2504, stack(0x0000000027b20000,0x0000000027c20000)]
  0x0000000021cd9800 JavaThread "com.alibaba.nacos.client.naming.updater" daemon [_thread_blocked, id=5656, stack(0x0000000027a20000,0x0000000027b20000)]
  0x00000000210fd800 JavaThread "com.alibaba.nacos.naming.client.listener" daemon [_thread_blocked, id=11300, stack(0x0000000027820000,0x0000000027920000)]
  0x00000000210f9000 JavaThread "logback-1" daemon [_thread_blocked, id=14736, stack(0x0000000026540000,0x0000000026640000)]
  0x00000000210fb000 JavaThread "spring.cloud.inetutils" daemon [_thread_blocked, id=16256, stack(0x0000000027720000,0x0000000027820000)]
  0x00000000210fc000 JavaThread "JMX server connection timeout 50" daemon [_thread_blocked, id=16136, stack(0x0000000027620000,0x0000000027720000)]
  0x00000000210f7800 JavaThread "RMI Scheduler(0)" daemon [_thread_blocked, id=1120, stack(0x0000000026240000,0x0000000026340000)]
  0x00000000210f8000 JavaThread "RMI TCP Connection(1)-192.168.3.29" daemon [_thread_in_native, id=12628, stack(0x00000000232d0000,0x00000000233d0000)]
  0x00000000210f9800 JavaThread "RMI TCP Accept-0" daemon [_thread_in_native, id=17064, stack(0x0000000022dd0000,0x0000000022ed0000)]
  0x00000000210fe000 JavaThread "pool-1-thread-1" [_thread_blocked, id=15316, stack(0x0000000022ad0000,0x0000000022bd0000)]
  0x00000000209be000 JavaThread "SeedGenerator Thread" daemon [_thread_blocked, id=9052, stack(0x00000000226e0000,0x00000000227e0000)]
  0x000000001ec86000 JavaThread "Service Thread" daemon [_thread_blocked, id=4684, stack(0x000000001f780000,0x000000001f880000)]
  0x000000001ebfc800 JavaThread "C1 CompilerThread3" daemon [_thread_blocked, id=16180, stack(0x000000001f680000,0x000000001f780000)]
  0x000000001ebf0000 JavaThread "C2 CompilerThread2" daemon [_thread_in_native, id=9004, stack(0x000000001f580000,0x000000001f680000)]
  0x000000001ebe4800 JavaThread "C2 CompilerThread1" daemon [_thread_in_native, id=11828, stack(0x000000001f480000,0x000000001f580000)]
=>0x000000001ebe3800 JavaThread "C2 CompilerThread0" daemon [_thread_in_native, id=18144, stack(0x000000001f380000,0x000000001f480000)]
  0x000000001ebcb800 JavaThread "Monitor Ctrl-Break" daemon [_thread_in_native, id=6520, stack(0x000000001f280000,0x000000001f380000)]
  0x000000001ebbb000 JavaThread "Attach Listener" daemon [_thread_blocked, id=10116, stack(0x000000001f180000,0x000000001f280000)]
  0x000000001ebba800 JavaThread "Signal Dispatcher" daemon [_thread_blocked, id=17320, stack(0x000000001f080000,0x000000001f180000)]
  0x000000001cc68800 JavaThread "Finalizer" daemon [_thread_blocked, id=13544, stack(0x000000001ef20000,0x000000001f020000)]
  0x000000001cc61800 JavaThread "Reference Handler" daemon [_thread_blocked, id=13820, stack(0x000000001ea20000,0x000000001eb20000)]
  0x0000000002f92800 JavaThread "main" [_thread_in_native, id=13612, stack(0x0000000002e80000,0x0000000002f80000)]

Other Threads:
  0x000000001cc59800 VMThread [stack: 0x000000001e920000,0x000000001ea20000] [id=15392]
  0x000000001ed75000 WatcherThread [stack: 0x000000001f880000,0x000000001f980000] [id=16848]

VM state:not at safepoint (normal execution)

VM Mutex/Monitor currently owned by a thread: None

Heap:
 PSYoungGen      total 340992K, used 15484K [0x000000076b580000, 0x0000000781d00000, 0x00000007c0000000)
  eden space 322048K, 4% used [0x000000076b580000,0x000000076c49f238,0x000000077f000000)
  from space 18944K, 0% used [0x000000077f000000,0x000000077f000000,0x0000000780280000)
  to   space 15360K, 0% used [0x0000000780280000,0x0000000780280000,0x0000000781180000)
 ParOldGen       total 203264K, used 28122K [0x00000006c2000000, 0x00000006ce680000, 0x000000076b580000)
  object space 203264K, 13% used [0x00000006c2000000,0x00000006c3b76b88,0x00000006ce680000)
 Metaspace       used 56277K, capacity 59530K, committed 59736K, reserved 1101824K
  class space    used 7454K, capacity 8011K, committed 8064K, reserved 1048576K

Card table byte_map: [0x0000000012630000,0x0000000012e30000] byte_map_base: 0x000000000f020000

Marking Bits: (ParMarkBitMap*) 0x000000005680d850
 Begin Bits: [0x0000000013b80000, 0x0000000017b00000)
 End Bits:   [0x0000000017b00000, 0x000000001ba80000)

Polling page: 0x0000000000dc0000

CodeCache: size=245760Kb used=20435Kb max_used=20471Kb free=225324Kb
 bounds [0x0000000003270000, 0x0000000004680000, 0x0000000012270000]
 total_blobs=5566 nmethods=5058 adapters=419
 compilation: enabled

Compilation events (10 events):
Event: 14.757 Thread 0x000000001ebfc800 5869       3       com.intellij.rt.execution.junit.MapSerializerUtil$1::escape (124 bytes)
Event: 14.757 Thread 0x000000001ebfc800 nmethod 5869 0x0000000003e94790 code [0x0000000003e94900, 0x0000000003e94b70]
Event: 14.760 Thread 0x000000001ebfc800 5874       3       jdk.internal.org.objectweb.asm.Frame::set (65 bytes)
Event: 14.760 Thread 0x000000001ebfc800 nmethod 5874 0x00000000042a3e90 code [0x00000000042a4020, 0x00000000042a4508]
Event: 14.762 Thread 0x000000001ebe4800 nmethod 5859 0x0000000003e18e50 code [0x0000000003e19020, 0x0000000003e1a678]
Event: 14.762 Thread 0x000000001ebe4800 5868       4       java.util.regex.Pattern$GroupTail::match (111 bytes)
Event: 14.764 Thread 0x000000001ebe4800 nmethod 5868 0x0000000003a64c10 code [0x0000000003a64d80, 0x0000000003a651d8]
Event: 14.764 Thread 0x000000001ebe4800 5853       4       java.util.Collections$UnmodifiableCollection$1::next (10 bytes)
Event: 14.764 Thread 0x000000001ebe4800 nmethod 5853 0x0000000003e94510 code [0x0000000003e94640, 0x0000000003e946d8]
Event: 14.764 Thread 0x000000001ebe4800 5863       4       org.springframework.beans.factory.support.AbstractBeanFactory::getType (235 bytes)

GC Heap History (10 events):
Event: 9.278 GC heap before
{Heap before GC invocations=10 (full 2):
 PSYoungGen      total 176128K, used 164352K [0x000000076b580000, 0x000000077c580000, 0x00000007c0000000)
  eden space 164352K, 100% used [0x000000076b580000,0x0000000775600000,0x0000000775600000)
  from space 11776K, 0% used [0x0000000775600000,0x0000000775600000,0x0000000776180000)
  to   space 13824K, 0% used [0x000000077b800000,0x000000077b800000,0x000000077c580000)
 ParOldGen       total 145408K, used 17475K [0x00000006c2000000, 0x00000006cae00000, 0x000000076b580000)
  object space 145408K, 12% used [0x00000006c2000000,0x00000006c3110df0,0x00000006cae00000)
 Metaspace       used 41644K, capacity 43286K, committed 43608K, reserved 1087488K
  class space    used 5368K, capacity 5663K, committed 5760K, reserved 1048576K
Event: 9.284 GC heap after
Heap after GC invocations=10 (full 2):
 PSYoungGen      total 258560K, used 8754K [0x000000076b580000, 0x000000077c200000, 0x00000007c0000000)
  eden space 248320K, 0% used [0x000000076b580000,0x000000076b580000,0x000000077a800000)
  from space 10240K, 85% used [0x000000077b800000,0x000000077c08c868,0x000000077c200000)
  to   space 13312K, 0% used [0x000000077a800000,0x000000077a800000,0x000000077b500000)
 ParOldGen       total 145408K, used 17547K [0x00000006c2000000, 0x00000006cae00000, 0x000000076b580000)
  object space 145408K, 12% used [0x00000006c2000000,0x00000006c3122e00,0x00000006cae00000)
 Metaspace       used 41644K, capacity 43286K, committed 43608K, reserved 1087488K
  class space    used 5368K, capacity 5663K, committed 5760K, reserved 1048576K
}
Event: 10.416 GC heap before
{Heap before GC invocations=11 (full 2):
 PSYoungGen      total 258560K, used 257074K [0x000000076b580000, 0x000000077c200000, 0x00000007c0000000)
  eden space 248320K, 100% used [0x000000076b580000,0x000000077a800000,0x000000077a800000)
  from space 10240K, 85% used [0x000000077b800000,0x000000077c08c868,0x000000077c200000)
  to   space 13312K, 0% used [0x000000077a800000,0x000000077a800000,0x000000077b500000)
 ParOldGen       total 145408K, used 17547K [0x00000006c2000000, 0x00000006cae00000, 0x000000076b580000)
  object space 145408K, 12% used [0x00000006c2000000,0x00000006c3122e00,0x00000006cae00000)
 Metaspace       used 45847K, capacity 48334K, committed 48472K, reserved 1091584K
  class space    used 6005K, capacity 6463K, committed 6528K, reserved 1048576K
Event: 10.427 GC heap after
Heap after GC invocations=11 (full 2):
 PSYoungGen      total 261632K, used 13280K [0x000000076b580000, 0x0000000781180000, 0x00000007c0000000)
  eden space 248320K, 0% used [0x000000076b580000,0x000000076b580000,0x000000077a800000)
  from space 13312K, 99% used [0x000000077a800000,0x000000077b4f8370,0x000000077b500000)
  to   space 15360K, 0% used [0x0000000780280000,0x0000000780280000,0x0000000781180000)
 ParOldGen       total 145408K, used 18532K [0x00000006c2000000, 0x00000006cae00000, 0x000000076b580000)
  object space 145408K, 12% used [0x00000006c2000000,0x00000006c3219178,0x00000006cae00000)
 Metaspace       used 45847K, capacity 48334K, committed 48472K, reserved 1091584K
  class space    used 6005K, capacity 6463K, committed 6528K, reserved 1048576K
}
Event: 11.428 GC heap before
{Heap before GC invocations=12 (full 2):
 PSYoungGen      total 261632K, used 261600K [0x000000076b580000, 0x0000000781180000, 0x00000007c0000000)
  eden space 248320K, 100% used [0x000000076b580000,0x000000077a800000,0x000000077a800000)
  from space 13312K, 99% used [0x000000077a800000,0x000000077b4f8370,0x000000077b500000)
  to   space 15360K, 0% used [0x0000000780280000,0x0000000780280000,0x0000000781180000)
 ParOldGen       total 145408K, used 18532K [0x00000006c2000000, 0x00000006cae00000, 0x000000076b580000)
  object space 145408K, 12% used [0x00000006c2000000,0x00000006c3219178,0x00000006cae00000)
 Metaspace       used 50685K, capacity 53444K, committed 53720K, reserved 1095680K
  class space    used 6691K, capacity 7166K, committed 7168K, reserved 1048576K
Event: 11.440 GC heap after
Heap after GC invocations=12 (full 2):
 PSYoungGen      total 337408K, used 15352K [0x000000076b580000, 0x0000000781d00000, 0x00000007c0000000)
  eden space 322048K, 0% used [0x000000076b580000,0x000000076b580000,0x000000077f000000)
  from space 15360K, 99% used [0x0000000780280000,0x000000078117e070,0x0000000781180000)
  to   space 18944K, 0% used [0x000000077f000000,0x000000077f000000,0x0000000780280000)
 ParOldGen       total 145408K, used 24130K [0x00000006c2000000, 0x00000006cae00000, 0x000000076b580000)
  object space 145408K, 16% used [0x00000006c2000000,0x00000006c3790890,0x00000006cae00000)
 Metaspace       used 50685K, capacity 53444K, committed 53720K, reserved 1095680K
  class space    used 6691K, capacity 7166K, committed 7168K, reserved 1048576K
}
Event: 14.620 GC heap before
{Heap before GC invocations=13 (full 2):
 PSYoungGen      total 337408K, used 145932K [0x000000076b580000, 0x0000000781d00000, 0x00000007c0000000)
  eden space 322048K, 40% used [0x000000076b580000,0x0000000773505218,0x000000077f000000)
  from space 15360K, 99% used [0x0000000780280000,0x000000078117e070,0x0000000781180000)
  to   space 18944K, 0% used [0x000000077f000000,0x000000077f000000,0x0000000780280000)
 ParOldGen       total 145408K, used 24130K [0x00000006c2000000, 0x00000006cae00000, 0x000000076b580000)
  object space 145408K, 16% used [0x00000006c2000000,0x00000006c3790890,0x00000006cae00000)
 Metaspace       used 55830K, capacity 58930K, committed 59028K, reserved 1099776K
  class space    used 7369K, capacity 7901K, committed 7936K, reserved 1048576K
Event: 14.630 GC heap after
Heap after GC invocations=13 (full 2):
 PSYoungGen      total 340992K, used 10400K [0x000000076b580000, 0x0000000781d00000, 0x00000007c0000000)
  eden space 322048K, 0% used [0x000000076b580000,0x000000076b580000,0x000000077f000000)
  from space 18944K, 54% used [0x000000077f000000,0x000000077fa28368,0x0000000780280000)
  to   space 15360K, 0% used [0x0000000780280000,0x0000000780280000,0x0000000781180000)
 ParOldGen       total 145408K, used 31306K [0x00000006c2000000, 0x00000006cae00000, 0x000000076b580000)
  object space 145408K, 21% used [0x00000006c2000000,0x00000006c3e92820,0x00000006cae00000)
 Metaspace       used 55830K, capacity 58930K, committed 59028K, reserved 1099776K
  class space    used 7369K, capacity 7901K, committed 7936K, reserved 1048576K
}
Event: 14.630 GC heap before
{Heap before GC invocations=14 (full 3):
 PSYoungGen      total 340992K, used 10400K [0x000000076b580000, 0x0000000781d00000, 0x00000007c0000000)
  eden space 322048K, 0% used [0x000000076b580000,0x000000076b580000,0x000000077f000000)
  from space 18944K, 54% used [0x000000077f000000,0x000000077fa28368,0x0000000780280000)
  to   space 15360K, 0% used [0x0000000780280000,0x0000000780280000,0x0000000781180000)
 ParOldGen       total 145408K, used 31306K [0x00000006c2000000, 0x00000006cae00000, 0x000000076b580000)
  object space 145408K, 21% used [0x00000006c2000000,0x00000006c3e92820,0x00000006cae00000)
 Metaspace       used 55830K, capacity 58930K, committed 59028K, reserved 1099776K
  class space    used 7369K, capacity 7901K, committed 7936K, reserved 1048576K
Event: 14.731 GC heap after
Heap after GC invocations=14 (full 3):
 PSYoungGen      total 340992K, used 0K [0x000000076b580000, 0x0000000781d00000, 0x00000007c0000000)
  eden space 322048K, 0% used [0x000000076b580000,0x000000076b580000,0x000000077f000000)
  from space 18944K, 0% used [0x000000077f000000,0x000000077f000000,0x0000000780280000)
  to   space 15360K, 0% used [0x0000000780280000,0x0000000780280000,0x0000000781180000)
 ParOldGen       total 203264K, used 28122K [0x00000006c2000000, 0x00000006ce680000, 0x000000076b580000)
  object space 203264K, 13% used [0x00000006c2000000,0x00000006c3b76b88,0x00000006ce680000)
 Metaspace       used 55830K, capacity 58930K, committed 59028K, reserved 1099776K
  class space    used 7369K, capacity 7901K, committed 7936K, reserved 1048576K
}

Deoptimization events (10 events):
Event: 14.736 Thread 0x0000000002f92800 Uncommon trap: reason=class_check action=maybe_recompile pc=0x000000000467e9e8 method=org.springframework.core.ResolvableType.resolveType()Lorg/springframework/core/ResolvableType; @ 45
Event: 14.750 Thread 0x0000000002f92800 Uncommon trap: reason=unstable_if action=reinterpret pc=0x00000000038993d8 method=java.util.LinkedHashMap.get(Ljava/lang/Object;)Ljava/lang/Object; @ 20
Event: 14.756 Thread 0x0000000002f92800 Uncommon trap: reason=bimorphic action=maybe_recompile pc=0x00000000034aff58 method=java.util.regex.Pattern$5.isSatisfiedBy(I)Z @ 16
Event: 14.756 Thread 0x0000000002f92800 Uncommon trap: reason=bimorphic action=maybe_recompile pc=0x00000000034aff58 method=java.util.regex.Pattern$5.isSatisfiedBy(I)Z @ 16
Event: 14.756 Thread 0x0000000002f92800 Uncommon trap: reason=bimorphic action=maybe_recompile pc=0x00000000034aff58 method=java.util.regex.Pattern$5.isSatisfiedBy(I)Z @ 16
Event: 14.756 Thread 0x0000000002f92800 Uncommon trap: reason=bimorphic action=maybe_recompile pc=0x00000000034aff58 method=java.util.regex.Pattern$5.isSatisfiedBy(I)Z @ 16
Event: 14.758 Thread 0x0000000002f92800 Uncommon trap: reason=unstable_if action=reinterpret pc=0x00000000045ae7c4 method=org.springframework.transaction.interceptor.AbstractFallbackTransactionAttributeSource.computeTransactionAttribute(Ljava/lang/reflect/Method;Ljava/lang/Class;)Lorg/springfra
Event: 14.759 Thread 0x0000000002f92800 Uncommon trap: reason=bimorphic action=maybe_recompile pc=0x00000000034c1c50 method=org.springframework.core.annotation.AnnotationsScanner.processMethodInheritedAnnotations(Ljava/lang/Object;Ljava/lang/reflect/Method;Lorg/springframework/core/annotation/A
Event: 14.759 Thread 0x0000000002f92800 Uncommon trap: reason=bimorphic action=maybe_recompile pc=0x00000000037ad3d0 method=org.springframework.core.annotation.AnnotationsScanner.processMethodAnnotations(Ljava/lang/Object;ILjava/lang/reflect/Method;Lorg/springframework/core/annotation/Annotatio
Event: 14.778 Thread 0x0000000002f92800 Uncommon trap: reason=predicate action=maybe_recompile pc=0x00000000035c5f10 method=java.lang.String.regionMatches(ZILjava/lang/String;II)Z @ 63

Internal exceptions (10 events):
Event: 14.736 Thread 0x0000000002f92800 Exception <a 'java/lang/ClassCastException': org.springframework.boot.context.event.ApplicationReadyEvent cannot be cast to com.alibaba.cloud.dubbo.registry.event.ServiceInstancesChangedEvent> (0x000000076b8de960) thrown at [C:\re\workspace\8-2-build-wind
Event: 14.737 Thread 0x0000000002f92800 Exception <a 'java/lang/ClassCastException': org.springframework.boot.availability.AvailabilityChangeEvent cannot be cast to com.alibaba.cloud.dubbo.registry.event.ServiceInstancesChangedEvent> (0x000000076b8e7a20) thrown at [C:\re\workspace\8-2-build-win
Event: 14.737 Thread 0x0000000002f92800 Exception <a 'java/lang/ClassCastException': org.springframework.boot.availability.AvailabilityChangeEvent cannot be cast to com.alibaba.cloud.dubbo.registry.event.ServiceInstancesChangedEvent> (0x000000076b8e7f78) thrown at [C:\re\workspace\8-2-build-win
Event: 14.751 Thread 0x0000000002f92800 Exception <a 'java/lang/ClassNotFoundException': java/lang/ObjectCustomizer> (0x000000076bb422b0) thrown at [C:\re\workspace\8-2-build-windows-amd64-cygwin\jdk8u151\9699\hotspot\src\share\vm\classfile\systemDictionary.cpp, line 210]
Event: 14.751 Thread 0x0000000002f92800 Exception <a 'java/lang/ClassNotFoundException': org/com/dream/cloud/provider/AdminProvicerAppTestsCustomizer> (0x000000076bb7a808) thrown at [C:\re\workspace\8-2-build-windows-amd64-cygwin\jdk8u151\9699\hotspot\src\share\vm\classfile\systemDictionary.cpp
Event: 14.754 Thread 0x0000000002f92800 Exception <a 'java/lang/ClassCastException': org.springframework.test.context.event.PrepareTestInstanceEvent cannot be cast to com.alibaba.cloud.dubbo.registry.event.ServiceInstancesChangedEvent> (0x000000076bba0360) thrown at [C:\re\workspace\8-2-build-w
Event: 14.754 Thread 0x0000000002f92800 Exception <a 'java/lang/ClassCastException': org.springframework.test.context.event.PrepareTestInstanceEvent cannot be cast to com.alibaba.cloud.dubbo.registry.event.ServiceInstancesChangedEvent> (0x000000076bba06d8) thrown at [C:\re\workspace\8-2-build-w
Event: 14.761 Thread 0x0000000002f92800 Exception <a 'java/lang/ClassCastException': org.springframework.test.context.event.BeforeTestMethodEvent cannot be cast to com.alibaba.cloud.dubbo.registry.event.ServiceInstancesChangedEvent> (0x000000076bc840d8) thrown at [C:\re\workspace\8-2-build-wind
Event: 14.761 Thread 0x0000000002f92800 Exception <a 'java/lang/ClassCastException': org.springframework.test.context.event.BeforeTestMethodEvent cannot be cast to com.alibaba.cloud.dubbo.registry.event.ServiceInstancesChangedEvent> (0x000000076bc84448) thrown at [C:\re\workspace\8-2-build-wind
Event: 14.789 Thread 0x0000000002f92800 Exception <a 'java/lang/ClassNotFoundException': java/lang/Module> (0x000000076c13b008) thrown at [C:\re\workspace\8-2-build-windows-amd64-cygwin\jdk8u151\9699\hotspot\src\share\vm\classfile\systemDictionary.cpp, line 210]

Events (10 events):
Event: 14.796 loading class net/bytebuddy/matcher/ElementMatcher
Event: 14.796 loading class net/bytebuddy/matcher/ElementMatcher done
Event: 14.796 loading class net/bytebuddy/implementation/attribute/MethodAttributeAppender$Factory
Event: 14.796 loading class net/bytebuddy/implementation/attribute/MethodAttributeAppender$Factory done
Event: 14.797 loading class net/bytebuddy/dynamic/DynamicType$Builder
Event: 14.797 loading class net/bytebuddy/dynamic/DynamicType$Builder done
Event: 14.797 loading class net/bytebuddy/matcher/ElementMatchers
Event: 14.797 loading class net/bytebuddy/matcher/ElementMatchers done
Event: 14.800 loading class net/bytebuddy/matcher/ElementMatcher$Junction
Event: 14.800 loading class net/bytebuddy/matcher/ElementMatcher$Junction done


Dynamic libraries:
0x00007ff6f8140000 - 0x00007ff6f8177000 	D:\bin\java\jdk\bin\java.exe
0x00007ffa1a770000 - 0x00007ffa1a965000 	C:\WINDOWS\SYSTEM32\ntdll.dll
0x00007ffa1a280000 - 0x00007ffa1a33d000 	C:\WINDOWS\System32\KERNEL32.DLL
0x00007ffa17fb0000 - 0x00007ffa18279000 	C:\WINDOWS\System32\KERNELBASE.dll
0x00007ffa1a010000 - 0x00007ffa1a0bc000 	C:\WINDOWS\System32\ADVAPI32.dll
0x00007ffa1a470000 - 0x00007ffa1a50e000 	C:\WINDOWS\System32\msvcrt.dll
0x00007ffa18c40000 - 0x00007ffa18cdb000 	C:\WINDOWS\System32\sechost.dll
0x00007ffa19660000 - 0x00007ffa1978a000 	C:\WINDOWS\System32\RPCRT4.dll
0x00007ffa18890000 - 0x00007ffa18a30000 	C:\WINDOWS\System32\USER32.dll
0x00007ffa18510000 - 0x00007ffa18532000 	C:\WINDOWS\System32\win32u.dll
0x00007ffa19040000 - 0x00007ffa1906a000 	C:\WINDOWS\System32\GDI32.dll
0x00007ffa186d0000 - 0x00007ffa187db000 	C:\WINDOWS\System32\gdi32full.dll
0x00007ffa183e0000 - 0x00007ffa1847d000 	C:\WINDOWS\System32\msvcp_win.dll
0x00007ffa17eb0000 - 0x00007ffa17fb0000 	C:\WINDOWS\System32\ucrtbase.dll
0x00007ffa06840000 - 0x00007ffa06ada000 	C:\WINDOWS\WinSxS\amd64_microsoft.windows.common-controls_6595b64144ccf1df_6.0.19041.1110_none_60b5254171f9507e\COMCTL32.dll
0x00007ffa18c10000 - 0x00007ffa18c40000 	C:\WINDOWS\System32\IMM32.DLL
0x0000000056890000 - 0x0000000056962000 	D:\bin\java\jdk\jre\bin\msvcr100.dll
0x0000000055ff0000 - 0x000000005688d000 	D:\bin\java\jdk\jre\bin\server\jvm.dll
0x00007ffa1a270000 - 0x00007ffa1a278000 	C:\WINDOWS\System32\PSAPI.DLL
0x00007ffa137c0000 - 0x00007ffa137ca000 	C:\WINDOWS\SYSTEM32\VERSION.dll
0x00007ffa090a0000 - 0x00007ffa090c7000 	C:\WINDOWS\SYSTEM32\WINMM.dll
0x00007ffa07230000 - 0x00007ffa07239000 	C:\WINDOWS\SYSTEM32\WSOCK32.dll
0x00007ffa1a5f0000 - 0x00007ffa1a65b000 	C:\WINDOWS\System32\WS2_32.dll
0x0000000055fe0000 - 0x0000000055fef000 	D:\bin\java\jdk\jre\bin\verify.dll
0x0000000055fb0000 - 0x0000000055fd9000 	D:\bin\java\jdk\jre\bin\java.dll
0x00000000553d0000 - 0x00000000553f3000 	D:\bin\java\jdk\jre\bin\instrument.dll
0x0000000055f90000 - 0x0000000055fa6000 	D:\bin\java\jdk\jre\bin\zip.dll
0x00007ffa19820000 - 0x00007ffa19f5f000 	C:\WINDOWS\System32\SHELL32.dll
0x00007ffa16000000 - 0x00007ffa16791000 	C:\WINDOWS\SYSTEM32\windows.storage.dll
0x00007ffa18ce0000 - 0x00007ffa19035000 	C:\WINDOWS\System32\combase.dll
0x00007ffa17850000 - 0x00007ffa1787c000 	C:\WINDOWS\SYSTEM32\Wldp.dll
0x00007ffa187e0000 - 0x00007ffa1888e000 	C:\WINDOWS\System32\SHCORE.dll
0x00007ffa18af0000 - 0x00007ffa18b45000 	C:\WINDOWS\System32\shlwapi.dll
0x00007ffa17df0000 - 0x00007ffa17e0f000 	C:\WINDOWS\SYSTEM32\profapi.dll
0x00007ffa0b1f0000 - 0x00007ffa0b20a000 	D:\Program Files\JetBrains\IntelliJ IDEA 2019.3.4\bin\breakgen64.dll
0x0000000055f70000 - 0x0000000055f8a000 	D:\bin\java\jdk\jre\bin\net.dll
0x00007ffa175b0000 - 0x00007ffa1761a000 	C:\WINDOWS\system32\mswsock.dll
0x0000000055f50000 - 0x0000000055f61000 	D:\bin\java\jdk\jre\bin\nio.dll
0x00007ffa05e30000 - 0x00007ffa05e63000 	C:\Program Files (x86)\Sangfor\SSL\ClientComponent\16_SangforNspX64.dll
0x00007ffa1a340000 - 0x00007ffa1a46a000 	C:\WINDOWS\System32\ole32.dll
0x00007ffa1a660000 - 0x00007ffa1a72d000 	C:\WINDOWS\System32\OLEAUT32.dll
0x00007ffa172e0000 - 0x00007ffa173ac000 	C:\WINDOWS\SYSTEM32\DNSAPI.dll
0x00007ffa172a0000 - 0x00007ffa172db000 	C:\WINDOWS\SYSTEM32\IPHLPAPI.DLL
0x00007ffa18a30000 - 0x00007ffa18a38000 	C:\WINDOWS\System32\NSI.dll
0x00007ffa07560000 - 0x00007ffa0756a000 	C:\Windows\System32\rasadhlp.dll
0x00007ffa0b4f0000 - 0x00007ffa0b56f000 	C:\WINDOWS\System32\fwpuclnt.dll
0x00007ffa18640000 - 0x00007ffa18667000 	C:\WINDOWS\System32\bcrypt.dll
0x0000000055450000 - 0x000000005545d000 	D:\bin\java\jdk\jre\bin\management.dll
0x00007ffa0aea0000 - 0x00007ffa0aeb7000 	C:\WINDOWS\SYSTEM32\dhcpcsvc6.DLL
0x00007ffa0aec0000 - 0x00007ffa0aedd000 	C:\WINDOWS\SYSTEM32\dhcpcsvc.DLL
0x00007ffa05e10000 - 0x00007ffa05e27000 	C:\WINDOWS\system32\napinsp.dll
0x00007ffa05df0000 - 0x00007ffa05e0b000 	C:\WINDOWS\system32\pnrpnsp.dll
0x00007ffa05dd0000 - 0x00007ffa05de5000 	C:\WINDOWS\system32\wshbth.dll
0x00007ffa13960000 - 0x00007ffa1397d000 	C:\WINDOWS\system32\NLAapi.dll
0x00007ffa05db0000 - 0x00007ffa05dc2000 	C:\WINDOWS\System32\winrnr.dll
0x00007ffa0b6a0000 - 0x00007ffa0b6ab000 	C:\WINDOWS\SYSTEM32\WINNSI.DLL

VM Arguments:
jvm_args: -ea -Djava.security.egd=file:/dev/./urandom -Djava.awt.headless=true -Didea.test.cyclic.buffer.size=1048576 -javaagent:D:\Program Files\JetBrains\IntelliJ IDEA 2019.3.4\lib\idea_rt.jar=51188:D:\Program Files\JetBrains\IntelliJ IDEA 2019.3.4\bin -Dfile.encoding=UTF-8 
java_command: com.intellij.rt.junit.JUnitStarter -ideVersion5 -junit4 org.com.dream.cloud.AdminUserProvicerAppTests,testUserService
java_class_path (initial): D:\Program Files\JetBrains\IntelliJ IDEA 2019.3.4\lib\idea_rt.jar;D:\Program Files\JetBrains\IntelliJ IDEA 2019.3.4\plugins\junit\lib\junit5-rt.jar;D:\Program Files\JetBrains\IntelliJ IDEA 2019.3.4\plugins\junit\lib\junit-rt.jar;D:\bin\java\jdk\jre\lib\charsets.jar;D:\bin\java\jdk\jre\lib\deploy.jar;D:\bin\java\jdk\jre\lib\ext\access-bridge-64.jar;D:\bin\java\jdk\jre\lib\ext\cldrdata.jar;D:\bin\java\jdk\jre\lib\ext\dnsns.jar;D:\bin\java\jdk\jre\lib\ext\jaccess.jar;D:\bin\java\jdk\jre\lib\ext\jfxrt.jar;D:\bin\java\jdk\jre\lib\ext\localedata.jar;D:\bin\java\jdk\jre\lib\ext\nashorn.jar;D:\bin\java\jdk\jre\lib\ext\sunec.jar;D:\bin\java\jdk\jre\lib\ext\sunjce_provider.jar;D:\bin\java\jdk\jre\lib\ext\sunmscapi.jar;D:\bin\java\jdk\jre\lib\ext\sunpkcs11.jar;D:\bin\java\jdk\jre\lib\ext\zipfs.jar;D:\bin\java\jdk\jre\lib\javaws.jar;D:\bin\java\jdk\jre\lib\jce.jar;D:\bin\java\jdk\jre\lib\jfr.jar;D:\bin\java\jdk\jre\lib\jfxswt.jar;D:\bin\java\jdk\jre\lib\jsse.jar;D:\bin\java\jdk\jre\lib\management-agent.jar;D:\bin\java\jdk\jre\lib\plugin.jar;D:\bin\java\jdk\jre\lib\resources.jar;D:\bin\java\jdk\jre\lib\rt.jar;D:\2021\java\alibabaCloud\provider\admin-service\target\test-classes;D:\2021\java\alibabaCloud\provider\admin-service\target\classes;D:\2021\java\alibabaCloud\provider\admin-api\target\classes;D:\apache-maven-3.5.2\.m2\repository\javax\persistence\javax.persistence-api\2.2\javax.persistence-api-2.2.jar;D:\apache-maven-3.5.2\.m2\repository\org\springframework\cloud\spring-cloud-starter-oauth2\2.2.4.RELEASE\spring-cloud-starter-oauth2-2.2.4.RELEASE.jar;D:\apache-maven-3.5.2\.m2\repository\org\springframework\cloud\spring-cloud-starter-security\2.2.4.RELEASE\spring-cloud-starter-security-2.2.4.RELEASE.jar;D:\apache-maven-3.5.2\.m2\repository\org\springframework\cloud\spring-cloud-security\2.2.4.RELEASE\spring-cloud-security-2.2.4.RELEASE.jar;D:\apache-maven-3.5.2\.m2\repository\org\springframework\boot\spring-boot-starter-security\2.3.4.RELEASE\spr
Launcher Type: SUN_STANDARD

Environment Variables:
JAVA_HOME=D:\bin\java\jdk
CLASSPATH=.;D:\bin\java\jdk\lib\dt.jar;D:\bin\java\jdk\lib\tools.jar;
PATH=D:\Program Files (x86)\NetSarang\Xshell 6\;E:\app\oracle\product\12.1.0\dbhome_1\bin;C:\ProgramData\Oracle\Java\javapath;C:\WINDOWS\system32;C:\WINDOWS;C:\WINDOWS\System32\Wbem;C:\WINDOWS\System32\WindowsPowerShell\v1.0\;D:\bin\java\jdk\bin;D:\bin\java\jdk\jre\bin;E:\program\mysql-5.6.38-winx64\bin;D:\apache-maven-3.5.2\bin;C:\WINDOWS\System32\OpenSSH\;E:\message\rabbit\erl10.4\bin;D:\Program Files\nodejs\;D:\Program Files\TortoiseGit\bin;D:\Program Files\Git\cmd;D:\Program Files (x86)\NetSarang\Xftp 7\;D:\Program Files (x86)\NetSarang\Xshell 7\;C:\Users\Dream\AppData\Local\Programs\Python\Python38\Scripts\;C:\Users\Dream\AppData\Local\Programs\Python\Python38\;C:\Users\Dream\AppData\Local\Microsoft\WindowsApps;D:\vscode\Microsoft VS Code\bin;C:\Users\Dream\AppData\Local\GitHubDesktop\bin;C:\Users\Dream\AppData\Roaming\npm;D:\Program Files\nodejs\node_global;;C:\Users\Dream\AppData\Local\Microsoft\WindowsApps
USERNAME=Dream
OS=Windows_NT
PROCESSOR_IDENTIFIER=Intel64 Family 6 Model 158 Stepping 9, GenuineIntel



---------------  S Y S T E M  ---------------

OS: Windows 10.0 , 64 bit Build 19041 (10.0.19041.1023)

CPU:total 8 (initial active 8) (4 cores per cpu, 2 threads per core) family 6 model 158 stepping 9, cmov, cx8, fxsr, mmx, sse, sse2, sse3, ssse3, sse4.1, sse4.2, popcnt, avx, avx2, aes, clmul, erms, rtm, 3dnowpref, lzcnt, ht, tsc, tscinvbit, bmi1, bmi2, adx

Memory: 4k page, physical 16641964k(2455988k free), swap 26954024k(5132k free)

vm_info: Java HotSpot(TM) 64-Bit Server VM (25.151-b12) for windows-amd64 JRE (1.8.0_151-b12), built on Sep  5 2017 19:33:46 by "java_re" with MS VC++ 10.0 (VS2010)

time: Sun Jul 25 21:48:52 2021
elapsed time: 14 seconds (0d 0h 0m 14s)

